/share/apps/python/2.7.12/intel/lib/python2.7/site-packages/matplotlib-1.5.3-py2.7-linux-x86_64.egg/matplotlib/font_manager.py:273: UserWarning: Matplotlib is building the font cache using fc-list. This may take a moment.
  warnings.warn('Matplotlib is building the font cache using fc-list. This may take a moment.')
Files already downloaded
3000
750
here
averge loss:  0.421810269518 0.820949673815 0.0226713504921
Test set: Average loss: 0.3800

averge loss:  0.363273444143 0.679860474463 0.0466862892618
Test set: Average loss: 0.3617

averge loss:  0.349454877166 0.647709230176 0.051200524155
Test set: Average loss: 0.3493

averge loss:  0.339042217229 0.625213623047 0.0528712629461
Test set: Average loss: 0.3393

averge loss:  0.329914637974 0.606116594587 0.0537128474437
Test set: Average loss: 0.3321

averge loss:  0.324144179156 0.594440735278 0.0538473479602
Test set: Average loss: 0.3275

averge loss:  0.32033990354 0.586490677814 0.0541892330663
Test set: Average loss: 0.3244

averge loss:  0.317587321794 0.580304162681 0.0548705743284
Test set: Average loss: 0.3217

averge loss:  0.3154522539 0.575271751767 0.0556333788398
Test set: Average loss: 0.3204

averge loss:  0.313767019259 0.571538600792 0.0559949965704
Test set: Average loss: 0.3191

averge loss:  0.312703886486 0.568953575082 0.0564541823199
Test set: Average loss: 0.3177

averge loss:  0.311765626661 0.566693945645 0.0568371883055
Test set: Average loss: 0.3170

averge loss:  0.310911425117 0.564737872688 0.0570849256451
Test set: Average loss: 0.3160

averge loss:  0.310228433414 0.562958760164 0.0574984336386
Test set: Average loss: 0.3152

averge loss:  0.309573281217 0.561470872529 0.0576757106651
Test set: Average loss: 0.3151

averge loss:  0.309105282738 0.560360904616 0.0578496920008
Test set: Average loss: 0.3143

averge loss:  0.308768364524 0.559411205889 0.0581252999857
Test set: Average loss: 0.3138

averge loss:  0.308276138825 0.558243358379 0.0583091580138
Test set: Average loss: 0.3140

averge loss:  0.308035361361 0.557651732568 0.0584190005348
Test set: Average loss: 0.3134

averge loss:  0.307655074969 0.556638756577 0.0586710404377
Test set: Average loss: 0.3141

Train Epoch: 1 [0/3000 (0%)]	Loss: 2.316610
Train Epoch: 1 [640/3000 (21%)]	Loss: 2.240911
Train Epoch: 1 [1280/3000 (43%)]	Loss: 2.001183
Train Epoch: 1 [1920/3000 (64%)]	Loss: 1.469649
Train Epoch: 1 [2560/3000 (85%)]	Loss: 1.202258

Test set: Average loss: 0.7368, Accuracy: 8169/10000 (82%)

Train Epoch: 2 [0/3000 (0%)]	Loss: 1.037693
Train Epoch: 2 [640/3000 (21%)]	Loss: 0.994411
Train Epoch: 2 [1280/3000 (43%)]	Loss: 0.739579
Train Epoch: 2 [1920/3000 (64%)]	Loss: 0.681189
Train Epoch: 2 [2560/3000 (85%)]	Loss: 0.630372

Test set: Average loss: 0.4162, Accuracy: 8860/10000 (89%)

Train Epoch: 3 [0/3000 (0%)]	Loss: 0.713762
Train Epoch: 3 [640/3000 (21%)]	Loss: 0.413204
Train Epoch: 3 [1280/3000 (43%)]	Loss: 0.529991
Train Epoch: 3 [1920/3000 (64%)]	Loss: 0.421686
Train Epoch: 3 [2560/3000 (85%)]	Loss: 0.495136

Test set: Average loss: 0.3361, Accuracy: 9032/10000 (90%)

Train Epoch: 4 [0/3000 (0%)]	Loss: 0.627584
Train Epoch: 4 [640/3000 (21%)]	Loss: 0.566538
Train Epoch: 4 [1280/3000 (43%)]	Loss: 0.548025
Train Epoch: 4 [1920/3000 (64%)]	Loss: 0.259464
Train Epoch: 4 [2560/3000 (85%)]	Loss: 0.296154

Test set: Average loss: 0.2945, Accuracy: 9102/10000 (91%)

Train Epoch: 5 [0/3000 (0%)]	Loss: 0.435608
Train Epoch: 5 [640/3000 (21%)]	Loss: 0.338236
Train Epoch: 5 [1280/3000 (43%)]	Loss: 0.348215
Train Epoch: 5 [1920/3000 (64%)]	Loss: 0.429014
Train Epoch: 5 [2560/3000 (85%)]	Loss: 0.262546

Test set: Average loss: 0.2690, Accuracy: 9228/10000 (92%)

Train Epoch: 6 [0/3000 (0%)]	Loss: 0.157450
Train Epoch: 6 [640/3000 (21%)]	Loss: 0.434888
Train Epoch: 6 [1280/3000 (43%)]	Loss: 0.456252
Train Epoch: 6 [1920/3000 (64%)]	Loss: 0.375536
Train Epoch: 6 [2560/3000 (85%)]	Loss: 0.280622

Test set: Average loss: 0.2452, Accuracy: 9293/10000 (93%)

Train Epoch: 7 [0/3000 (0%)]	Loss: 0.264104
Train Epoch: 7 [640/3000 (21%)]	Loss: 0.220920
Train Epoch: 7 [1280/3000 (43%)]	Loss: 0.282774
Train Epoch: 7 [1920/3000 (64%)]	Loss: 0.428294
Train Epoch: 7 [2560/3000 (85%)]	Loss: 0.295097

Test set: Average loss: 0.2202, Accuracy: 9338/10000 (93%)

Train Epoch: 8 [0/3000 (0%)]	Loss: 0.268022
Train Epoch: 8 [640/3000 (21%)]	Loss: 0.169241
Train Epoch: 8 [1280/3000 (43%)]	Loss: 0.265053
Train Epoch: 8 [1920/3000 (64%)]	Loss: 0.103569
Train Epoch: 8 [2560/3000 (85%)]	Loss: 0.156335

Test set: Average loss: 0.2118, Accuracy: 9380/10000 (94%)

Train Epoch: 9 [0/3000 (0%)]	Loss: 0.139935
Train Epoch: 9 [640/3000 (21%)]	Loss: 0.448572
Train Epoch: 9 [1280/3000 (43%)]	Loss: 0.267401
Train Epoch: 9 [1920/3000 (64%)]	Loss: 0.332197
Train Epoch: 9 [2560/3000 (85%)]	Loss: 0.309724

Test set: Average loss: 0.1955, Accuracy: 9423/10000 (94%)

Train Epoch: 10 [0/3000 (0%)]	Loss: 0.187174
Train Epoch: 10 [640/3000 (21%)]	Loss: 0.209613
Train Epoch: 10 [1280/3000 (43%)]	Loss: 0.333428
Train Epoch: 10 [1920/3000 (64%)]	Loss: 0.307280
Train Epoch: 10 [2560/3000 (85%)]	Loss: 0.235582

Test set: Average loss: 0.1902, Accuracy: 9459/10000 (95%)

Train Epoch: 11 [0/3000 (0%)]	Loss: 0.125150
Train Epoch: 11 [640/3000 (21%)]	Loss: 0.358491
Train Epoch: 11 [1280/3000 (43%)]	Loss: 0.248081
Train Epoch: 11 [1920/3000 (64%)]	Loss: 0.112841
Train Epoch: 11 [2560/3000 (85%)]	Loss: 0.246317

Test set: Average loss: 0.1780, Accuracy: 9478/10000 (95%)

Train Epoch: 12 [0/3000 (0%)]	Loss: 0.251552
Train Epoch: 12 [640/3000 (21%)]	Loss: 0.182390
Train Epoch: 12 [1280/3000 (43%)]	Loss: 0.104255
Train Epoch: 12 [1920/3000 (64%)]	Loss: 0.246651
Train Epoch: 12 [2560/3000 (85%)]	Loss: 0.227343

Test set: Average loss: 0.1822, Accuracy: 9486/10000 (95%)

Train Epoch: 13 [0/3000 (0%)]	Loss: 0.205134
Train Epoch: 13 [640/3000 (21%)]	Loss: 0.379049
Train Epoch: 13 [1280/3000 (43%)]	Loss: 0.170543
Train Epoch: 13 [1920/3000 (64%)]	Loss: 0.271234
Train Epoch: 13 [2560/3000 (85%)]	Loss: 0.319046

Test set: Average loss: 0.1797, Accuracy: 9479/10000 (95%)

Train Epoch: 14 [0/3000 (0%)]	Loss: 0.221173
Train Epoch: 14 [640/3000 (21%)]	Loss: 0.293351
Train Epoch: 14 [1280/3000 (43%)]	Loss: 0.212501
Train Epoch: 14 [1920/3000 (64%)]	Loss: 0.058776
Train Epoch: 14 [2560/3000 (85%)]	Loss: 0.203165

Test set: Average loss: 0.1727, Accuracy: 9494/10000 (95%)

Train Epoch: 15 [0/3000 (0%)]	Loss: 0.197972
Train Epoch: 15 [640/3000 (21%)]	Loss: 0.132800
Train Epoch: 15 [1280/3000 (43%)]	Loss: 0.092600
Train Epoch: 15 [1920/3000 (64%)]	Loss: 0.271991
Train Epoch: 15 [2560/3000 (85%)]	Loss: 0.239114

Test set: Average loss: 0.1677, Accuracy: 9530/10000 (95%)

Train Epoch: 16 [0/3000 (0%)]	Loss: 0.286282
Train Epoch: 16 [640/3000 (21%)]	Loss: 0.068686
Train Epoch: 16 [1280/3000 (43%)]	Loss: 0.195916
Train Epoch: 16 [1920/3000 (64%)]	Loss: 0.126168
Train Epoch: 16 [2560/3000 (85%)]	Loss: 0.142880

Test set: Average loss: 0.1698, Accuracy: 9523/10000 (95%)

Train Epoch: 17 [0/3000 (0%)]	Loss: 0.235577
Train Epoch: 17 [640/3000 (21%)]	Loss: 0.347548
Train Epoch: 17 [1280/3000 (43%)]	Loss: 0.187455
Train Epoch: 17 [1920/3000 (64%)]	Loss: 0.149001
Train Epoch: 17 [2560/3000 (85%)]	Loss: 0.145291

Test set: Average loss: 0.1622, Accuracy: 9551/10000 (96%)

Train Epoch: 18 [0/3000 (0%)]	Loss: 0.070751
Train Epoch: 18 [640/3000 (21%)]	Loss: 0.083811
Train Epoch: 18 [1280/3000 (43%)]	Loss: 0.145632
Train Epoch: 18 [1920/3000 (64%)]	Loss: 0.065912
Train Epoch: 18 [2560/3000 (85%)]	Loss: 0.103612

Test set: Average loss: 0.1610, Accuracy: 9540/10000 (95%)

Train Epoch: 19 [0/3000 (0%)]	Loss: 0.077447
Train Epoch: 19 [640/3000 (21%)]	Loss: 0.172776
Train Epoch: 19 [1280/3000 (43%)]	Loss: 0.288995
Train Epoch: 19 [1920/3000 (64%)]	Loss: 0.175926
Train Epoch: 19 [2560/3000 (85%)]	Loss: 0.164144

Test set: Average loss: 0.1503, Accuracy: 9588/10000 (96%)

